# JRE version: Java(TM) SE Runtime Environment (7.0_79-b15) (build 1.7.0_79-b15)
# Java VM: Java HotSpot(TM) 64-Bit Server VM (24.79-b02 mixed mode windows-amd64 compressed oops)
Heap
 PSYoungGen      total 284160K, used 163146K [0x00000000eaa80000, 0x00000000fdc00000, 0x0000000100000000)
  eden space 259584K, 60% used [0x00000000eaa80000,0x00000000f43ba948,0x00000000fa800000)
  from space 24576K, 25% used [0x00000000fc400000,0x00000000fca18000,0x00000000fdc00000)
  to   space 26624K, 0% used [0x00000000fa800000,0x00000000fa800000,0x00000000fc200000)
 ParOldGen       total 82944K, used 30136K [0x00000000c0000000, 0x00000000c5100000, 0x00000000eaa80000)
  object space 82944K, 36% used [0x00000000c0000000,0x00000000c1d6e2a0,0x00000000c5100000)
 PSPermGen       total 96256K, used 54287K [0x00000000b0000000, 0x00000000b5e00000, 0x00000000c0000000)
  object space 96256K, 56% used [0x00000000b0000000,0x00000000b3503de0,0x00000000b5e00000)
GC Heap History (10 events):
Event: 1843.197 GC heap before
{Heap before GC invocations=24 (full 5):
 PSYoungGen      total 251904K, used 231424K [0x00000000eaa80000, 0x00000000fb480000, 0x0000000100000000)
  eden space 231424K, 100% used [0x00000000eaa80000,0x00000000f8c80000,0x00000000f8c80000)
  from space 20480K, 0% used [0x00000000fa080000,0x00000000fa080000,0x00000000fb480000)
  to   space 20480K, 0% used [0x00000000f8c80000,0x00000000f8c80000,0x00000000fa080000)
 ParOldGen       total 82944K, used 34361K [0x00000000c0000000, 0x00000000c5100000, 0x00000000eaa80000)
  object space 82944K, 41% used [0x00000000c0000000,0x00000000c218e710,0x00000000c5100000)
 PSPermGen       total 100352K, used 53919K [0x00000000b0000000, 0x00000000b6200000, 0x00000000c0000000)
  object space 100352K, 53% used [0x00000000b0000000,0x00000000b34a7f10,0x00000000b6200000)
Event: 1843.211 GC heap after
Heap after GC invocations=24 (full 5):
 PSYoungGen      total 251904K, used 7398K [0x00000000eaa80000, 0x00000000fc500000, 0x0000000100000000)
  eden space 231424K, 0% used [0x00000000eaa80000,0x00000000eaa80000,0x00000000f8c80000)
  from space 20480K, 36% used [0x00000000f8c80000,0x00000000f93b98e8,0x00000000fa080000)
  to   space 19968K, 0% used [0x00000000fb180000,0x00000000fb180000,0x00000000fc500000)
 ParOldGen       total 82944K, used 34361K [0x00000000c0000000, 0x00000000c5100000, 0x00000000eaa80000)
  object space 82944K, 41% used [0x00000000c0000000,0x00000000c218e710,0x00000000c5100000)
 PSPermGen       total 100352K, used 53919K [0x00000000b0000000, 0x00000000b6200000, 0x00000000c0000000)
  object space 100352K, 53% used [0x00000000b0000000,0x00000000b34a7f10,0x00000000b6200000)
}
Event: 1851.752 GC heap before
{Heap before GC invocations=25 (full 5):
 PSYoungGen      total 251904K, used 238822K [0x00000000eaa80000, 0x00000000fc500000, 0x0000000100000000)
  eden space 231424K, 100% used [0x00000000eaa80000,0x00000000f8c80000,0x00000000f8c80000)
  from space 20480K, 36% used [0x00000000f8c80000,0x00000000f93b98e8,0x00000000fa080000)
  to   space 19968K, 0% used [0x00000000fb180000,0x00000000fb180000,0x00000000fc500000)
 ParOldGen       total 82944K, used 34361K [0x00000000c0000000, 0x00000000c5100000, 0x00000000eaa80000)
  object space 82944K, 41% used [0x00000000c0000000,0x00000000c218e710,0x00000000c5100000)
 PSPermGen       total 100352K, used 54016K [0x00000000b0000000, 0x00000000b6200000, 0x00000000c0000000)
  object space 100352K, 53% used [0x00000000b0000000,0x00000000b34c0318,0x00000000b6200000)
Event: 1851.881 GC heap after
Heap after GC invocations=25 (full 5):
 PSYoungGen      total 262144K, used 19956K [0x00000000eaa80000, 0x00000000fde80000, 0x0000000100000000)
  eden space 242176K, 0% used [0x00000000eaa80000,0x00000000eaa80000,0x00000000f9700000)
  from space 19968K, 99% used [0x00000000fb180000,0x00000000fc4fd198,0x00000000fc500000)
  to   space 27136K, 0% used [0x00000000f9700000,0x00000000f9700000,0x00000000fb180000)
 ParOldGen       total 82944K, used 46026K [0x00000000c0000000, 0x00000000c5100000, 0x00000000eaa80000)
  object space 82944K, 55% used [0x00000000c0000000,0x00000000c2cf2be0,0x00000000c5100000)
 PSPermGen       total 100352K, used 54016K [0x00000000b0000000, 0x00000000b6200000, 0x00000000c0000000)
  object space 100352K, 53% used [0x00000000b0000000,0x00000000b34c0318,0x00000000b6200000)
}
Event: 1853.449 GC heap before
{Heap before GC invocations=26 (full 5):
 PSYoungGen      total 262144K, used 27881K [0x00000000eaa80000, 0x00000000fde80000, 0x0000000100000000)
  eden space 242176K, 3% used [0x00000000eaa80000,0x00000000eb23d268,0x00000000f9700000)
  from space 19968K, 99% used [0x00000000fb180000,0x00000000fc4fd198,0x00000000fc500000)
  to   space 27136K, 0% used [0x00000000f9700000,0x00000000f9700000,0x00000000fb180000)
 ParOldGen       total 82944K, used 46026K [0x00000000c0000000, 0x00000000c5100000, 0x00000000eaa80000)
  object space 82944K, 55% used [0x00000000c0000000,0x00000000c2cf2be0,0x00000000c5100000)
 PSPermGen       total 100352K, used 54019K [0x00000000b0000000, 0x00000000b6200000, 0x00000000c0000000)
  object space 100352K, 53% used [0x00000000b0000000,0x00000000b34c0d98,0x00000000b6200000)
Event: 1853.454 GC heap after
Heap after GC invocations=26 (full 5):
 PSYoungGen      total 269312K, used 1494K [0x00000000eaa80000, 0x00000000fde80000, 0x0000000100000000)
  eden space 242176K, 0% used [0x00000000eaa80000,0x00000000eaa80000,0x00000000f9700000)
  from space 27136K, 5% used [0x00000000f9700000,0x00000000f98758d8,0x00000000fb180000)
  to   space 27136K, 0% used [0x00000000fc400000,0x00000000fc400000,0x00000000fde80000)
 ParOldGen       total 82944K, used 46034K [0x00000000c0000000, 0x00000000c5100000, 0x00000000eaa80000)
  object space 82944K, 55% used [0x00000000c0000000,0x00000000c2cf4be0,0x00000000c5100000)
 PSPermGen       total 100352K, used 54019K [0x00000000b0000000, 0x00000000b6200000, 0x00000000c0000000)
  object space 100352K, 53% used [0x00000000b0000000,0x00000000b34c0d98,0x00000000b6200000)
}
Event: 1853.454 GC heap before
{Heap before GC invocations=27 (full 6):
 PSYoungGen      total 269312K, used 1494K [0x00000000eaa80000, 0x00000000fde80000, 0x0000000100000000)
  eden space 242176K, 0% used [0x00000000eaa80000,0x00000000eaa80000,0x00000000f9700000)
  from space 27136K, 5% used [0x00000000f9700000,0x00000000f98758d8,0x00000000fb180000)
  to   space 27136K, 0% used [0x00000000fc400000,0x00000000fc400000,0x00000000fde80000)
 ParOldGen       total 82944K, used 46034K [0x00000000c0000000, 0x00000000c5100000, 0x00000000eaa80000)
  object space 82944K, 55% used [0x00000000c0000000,0x00000000c2cf4be0,0x00000000c5100000)
 PSPermGen       total 100352K, used 54019K [0x00000000b0000000, 0x00000000b6200000, 0x00000000c0000000)
  object space 100352K, 53% used [0x00000000b0000000,0x00000000b34c0d98,0x00000000b6200000)
Event: 1853.785 GC heap after
Heap after GC invocations=27 (full 6):
 PSYoungGen      total 269312K, used 0K [0x00000000eaa80000, 0x00000000fde80000, 0x0000000100000000)
  eden space 242176K, 0% used [0x00000000eaa80000,0x00000000eaa80000,0x00000000f9700000)
  from space 27136K, 0% used [0x00000000f9700000,0x00000000f9700000,0x00000000fb180000)
  to   space 27136K, 0% used [0x00000000fc400000,0x00000000fc400000,0x00000000fde80000)
 ParOldGen       total 82944K, used 30136K [0x00000000c0000000, 0x00000000c5100000, 0x00000000eaa80000)
  object space 82944K, 36% used [0x00000000c0000000,0x00000000c1d6e2a0,0x00000000c5100000)
 PSPermGen       total 96256K, used 54018K [0x00000000b0000000, 0x00000000b5e00000, 0x00000000c0000000)
  object space 96256K, 56% used [0x00000000b0000000,0x00000000b34c0998,0x00000000b5e00000)
}
Event: 1868.180 GC heap before
{Heap before GC invocations=28 (full 6):
 PSYoungGen      total 269312K, used 242176K [0x00000000eaa80000, 0x00000000fde80000, 0x0000000100000000)
  eden space 242176K, 100% used [0x00000000eaa80000,0x00000000f9700000,0x00000000f9700000)
  from space 27136K, 0% used [0x00000000f9700000,0x00000000f9700000,0x00000000fb180000)
  to   space 27136K, 0% used [0x00000000fc400000,0x00000000fc400000,0x00000000fde80000)
 ParOldGen       total 82944K, used 30136K [0x00000000c0000000, 0x00000000c5100000, 0x00000000eaa80000)
  object space 82944K, 36% used [0x00000000c0000000,0x00000000c1d6e2a0,0x00000000c5100000)
 PSPermGen       total 96256K, used 54183K [0x00000000b0000000, 0x00000000b5e00000, 0x00000000c0000000)
  object space 96256K, 56% used [0x00000000b0000000,0x00000000b34e9e28,0x00000000b5e00000)
Event: 1868.195 GC heap after
Heap after GC invocations=28 (full 6):
 PSYoungGen      total 284160K, used 6240K [0x00000000eaa80000, 0x00000000fdc00000, 0x0000000100000000)
  eden space 259584K, 0% used [0x00000000eaa80000,0x00000000eaa80000,0x00000000fa800000)
  from space 24576K, 25% used [0x00000000fc400000,0x00000000fca18000,0x00000000fdc00000)
  to   space 26624K, 0% used [0x00000000fa800000,0x00000000fa800000,0x00000000fc200000)
 ParOldGen       total 82944K, used 30136K [0x00000000c0000000, 0x00000000c5100000, 0x00000000eaa80000)
  object space 82944K, 36% used [0x00000000c0000000,0x00000000c1d6e2a0,0x00000000c5100000)
 PSPermGen       total 96256K, used 54183K [0x00000000b0000000, 0x00000000b5e00000, 0x00000000c0000000)
  object space 96256K, 56% used [0x00000000b0000000,0x00000000b34e9e28,0x00000000b5e00000)
}

